<?xml version="1.0" encoding="UTF-8"?>
<testng-results ignored="0" total="1" passed="1" failed="0" skipped="0">
  <reporter-output>
  </reporter-output>
  <suite started-at="2025-09-20T17:48:58 IST" name="Default suite" finished-at="2025-09-20T17:49:36 IST" duration-ms="38248">
    <groups>
    </groups>
    <test started-at="2025-09-20T17:48:58 IST" name="Default test" finished-at="2025-09-20T17:49:36 IST" duration-ms="38248">
      <class name="tests.loginTest">
        <test-method is-config="true" signature="setUp()[pri:0, instance:tests.loginTest@dd05255]" started-at="2025-09-20T17:48:58 IST" name="setUp" finished-at="2025-09-20T17:49:32 IST" duration-ms="34021" status="PASS">
          <reporter-output>
          </reporter-output>
        </test-method> <!-- setUp -->
        <test-method is-config="true" signature="BeforeMethod()[pri:0, instance:tests.loginTest@dd05255]" started-at="2025-09-20T17:49:32 IST" name="BeforeMethod" finished-at="2025-09-20T17:49:34 IST" duration-ms="1853" status="PASS">
          <reporter-output>
          </reporter-output>
        </test-method> <!-- BeforeMethod -->
        <test-method signature="enterUsernameOnly()[pri:0, instance:tests.loginTest@dd05255]" started-at="2025-09-20T17:49:34 IST" name="enterUsernameOnly" finished-at="2025-09-20T17:49:36 IST" duration-ms="2132" status="PASS">
          <reporter-output>
          </reporter-output>
        </test-method> <!-- enterUsernameOnly -->
      </class> <!-- tests.loginTest -->
    </test> <!-- Default test -->
  </suite> <!-- Default suite -->
</testng-results>
